Apr-25 08:47:36.233 [main] DEBUG nextflow.cli.Launcher - $> nextflow run main.nf --petagenomeDir=/scratch/local/petagenome_pipeline --output /dev/shm/nsato/petagenome_pipeline/out --memory 128 --threads 128 --cpus 1 --random_seed 0 --test_main_reads 'ecoli_1K_{1,2}.fq.gz'
Apr-25 08:47:36.307 [main] DEBUG nextflow.cli.CmdRun - N E X T F L O W  ~  version 24.10.3
Apr-25 08:47:36.324 [main] DEBUG nextflow.plugin.PluginsFacade - Setting up plugin manager > mode=prod; embedded=false; plugins-dir=/home/nsato/.nextflow/plugins; core-plugins: nf-amazon@2.9.2,nf-azure@1.10.2,nf-cloudcache@0.4.2,nf-codecommit@0.2.2,nf-console@1.1.4,nf-google@1.15.3,nf-tower@1.9.3,nf-wave@1.7.4
Apr-25 08:47:36.336 [main] INFO  o.pf4j.DefaultPluginStatusProvider - Enabled plugins: []
Apr-25 08:47:36.337 [main] INFO  o.pf4j.DefaultPluginStatusProvider - Disabled plugins: []
Apr-25 08:47:36.340 [main] INFO  org.pf4j.DefaultPluginManager - PF4J version 3.12.0 in 'deployment' mode
Apr-25 08:47:36.351 [main] INFO  org.pf4j.AbstractPluginManager - No plugins
Apr-25 08:47:36.370 [main] DEBUG nextflow.config.ConfigBuilder - Found config local: /home/nsato/work/nextflow.config
Apr-25 08:47:36.372 [main] DEBUG nextflow.config.ConfigBuilder - Parsing config file: /home/nsato/work/nextflow.config
Apr-25 08:47:36.392 [main] DEBUG n.secret.LocalSecretsProvider - Secrets store: /home/nsato/.nextflow/secrets/store.json
Apr-25 08:47:36.396 [main] DEBUG nextflow.secret.SecretsLoader - Discovered secrets providers: [nextflow.secret.LocalSecretsProvider@39ce27f2] - activable => nextflow.secret.LocalSecretsProvider@39ce27f2
Apr-25 08:47:36.407 [main] DEBUG nextflow.config.ConfigBuilder - Applying config profile: `standard`
Apr-25 08:47:36.857 [main] DEBUG nextflow.cli.CmdRun - Applied DSL=2 from script declaration
Apr-25 08:47:36.870 [main] DEBUG nextflow.cli.CmdRun - Launching `main.nf` [dreamy_majorana] DSL2 - revision: cab723467c
Apr-25 08:47:36.871 [main] DEBUG nextflow.plugin.PluginsFacade - Plugins default=[]
Apr-25 08:47:36.871 [main] DEBUG nextflow.plugin.PluginsFacade - Plugins resolved requirement=[]
Apr-25 08:47:36.915 [main] DEBUG nextflow.Session - Session UUID: ad435c15-eced-44d5-a52f-9d0fd7d892c0
Apr-25 08:47:36.915 [main] DEBUG nextflow.Session - Run name: dreamy_majorana
Apr-25 08:47:36.916 [main] DEBUG nextflow.Session - Executor pool size: 128
Apr-25 08:47:36.923 [main] DEBUG nextflow.file.FilePorter - File porter settings maxRetries=3; maxTransfers=50; pollTimeout=null
Apr-25 08:47:36.928 [main] DEBUG nextflow.util.ThreadPoolBuilder - Creating thread pool 'FileTransfer' minSize=10; maxSize=384; workQueue=LinkedBlockingQueue[10000]; allowCoreThreadTimeout=false
Apr-25 08:47:36.947 [main] DEBUG nextflow.cli.CmdRun - 
  Version: 24.10.3 build 5933
  Created: 16-12-2024 15:34 UTC (17-12-2024 00:34 JDT)
  System: Linux 5.14.0-162.6.1.el9_1.x86_64
  Runtime: Groovy 4.0.23 on OpenJDK 64-Bit Server VM 11.0.17+8-LTS
  Encoding: UTF-8 (UTF-8)
  Process: 1311050@11gouki [192.168.100.11]
  CPUs: 128 - Mem: 2 TB (1.7 TB) - Swap: 4 GB (4 GB)
Apr-25 08:47:36.964 [main] DEBUG nextflow.Session - Work-dir: /dev/shm/nsato/petagenome_pipeline/work [tmpfs]
Apr-25 08:47:36.964 [main] DEBUG nextflow.Session - Script base path does not exist or is not a directory: /home/nsato/work/bin
Apr-25 08:47:36.972 [main] DEBUG nextflow.executor.ExecutorFactory - Extension executors providers=[]
Apr-25 08:47:36.980 [main] DEBUG nextflow.Session - Observer factory: DefaultObserverFactory
Apr-25 08:47:37.001 [main] DEBUG nextflow.cache.CacheFactory - Using Nextflow cache factory: nextflow.cache.DefaultCacheFactory
Apr-25 08:47:37.010 [main] DEBUG nextflow.util.CustomThreadPool - Creating default thread pool > poolSize: 129; maxThreads: 1000
Apr-25 08:47:37.060 [main] DEBUG nextflow.Session - Session start
Apr-25 08:47:37.224 [main] DEBUG nextflow.script.ScriptRunner - > Launching execution
Apr-25 08:47:37.721 [main] DEBUG nextflow.executor.ExecutorFactory - << taskConfig executor: null
Apr-25 08:47:37.721 [main] DEBUG nextflow.executor.ExecutorFactory - >> processorType: 'local'
Apr-25 08:47:37.726 [main] DEBUG nextflow.executor.Executor - [warm up] executor > local
Apr-25 08:47:37.732 [main] DEBUG n.processor.LocalPollingMonitor - Creating local task monitor for executor 'local' > cpus=128; memory=2 TB; capacity=128; pollInterval=100ms; dumpInterval=5m
Apr-25 08:47:37.734 [main] DEBUG n.processor.TaskPollingMonitor - >>> barrier register (monitor: local)
Apr-25 08:47:37.790 [main] DEBUG nextflow.executor.ExecutorFactory - << taskConfig executor: null
Apr-25 08:47:37.791 [main] DEBUG nextflow.executor.ExecutorFactory - >> processorType: 'local'
Apr-25 08:47:37.794 [main] DEBUG nextflow.Session - Workflow process names [dsl2]: spades_error_correction, spades_assembler, spades_e2e, fastp
Apr-25 08:47:37.795 [main] DEBUG nextflow.Session - Igniting dataflow network (3)
Apr-25 08:47:37.800 [PathVisitor-1] DEBUG nextflow.file.PathVisitor - files for syntax: glob; folder: ./; pattern: ecoli_1K_{1,2}.fq.gz; options: [checkIfExists:true]
Apr-25 08:47:37.800 [main] DEBUG nextflow.processor.TaskProcessor - Starting process > fastp
Apr-25 08:47:37.801 [main] DEBUG nextflow.processor.TaskProcessor - Starting process > spades_assembler
Apr-25 08:47:37.805 [main] DEBUG nextflow.script.ScriptRunner - Parsed script files:
  Script_a643450658372d75: /home/nsato/work/./spades.nf
  Script_a07a1606fa53b357: /home/nsato/work/main.nf
  Script_88d3a26e283a7a93: /scratch/local/petagenome_pipeline/nf/fastp.nf
Apr-25 08:47:37.805 [main] DEBUG nextflow.script.ScriptRunner - > Awaiting termination 
Apr-25 08:47:37.805 [main] DEBUG nextflow.Session - Session await
Apr-25 08:47:37.992 [Task submitter] DEBUG n.executor.local.LocalTaskHandler - Launch cmd line: /bin/bash -ue .command.run
Apr-25 08:47:37.993 [Task submitter] INFO  nextflow.Session - [c4/8d79ed] Submitted process > fastp (ecoli_1K)
Apr-25 08:47:38.364 [Task monitor] DEBUG n.processor.TaskPollingMonitor - Task completed > TaskHandler[id: 1; name: fastp (ecoli_1K); status: COMPLETED; exit: 0; error: -; workDir: /dev/shm/nsato/petagenome_pipeline/work/c4/8d79ed48daf945069a5d8948e7fec2]
Apr-25 08:47:38.365 [Task monitor] DEBUG nextflow.util.ThreadPoolBuilder - Creating thread pool 'TaskFinalizer' minSize=10; maxSize=384; workQueue=LinkedBlockingQueue[10000]; allowCoreThreadTimeout=false
Apr-25 08:47:38.393 [TaskFinalizer-1] DEBUG nextflow.util.ThreadPoolBuilder - Creating thread pool 'PublishDir' minSize=10; maxSize=384; workQueue=LinkedBlockingQueue[10000]; allowCoreThreadTimeout=false
Apr-25 08:47:38.411 [Task submitter] DEBUG n.executor.local.LocalTaskHandler - Launch cmd line: /bin/bash -ue .command.run
Apr-25 08:47:38.411 [Task submitter] INFO  nextflow.Session - [c8/775113] Submitted process > spades_assembler (ecoli_1K)
Apr-25 08:48:08.810 [Task monitor] DEBUG n.processor.TaskPollingMonitor - Task completed > TaskHandler[id: 2; name: spades_assembler (ecoli_1K); status: COMPLETED; exit: 0; error: -; workDir: /dev/shm/nsato/petagenome_pipeline/work/c8/775113d5dfa518bb79b7b4b14f51cf]
Apr-25 08:48:08.820 [main] DEBUG nextflow.Session - Session await > all processes finished
Apr-25 08:48:08.911 [Task monitor] DEBUG n.processor.TaskPollingMonitor - <<< barrier arrives (monitor: local) - terminating tasks monitor poll loop
Apr-25 08:48:08.911 [main] DEBUG nextflow.Session - Session await > all barriers passed
Apr-25 08:48:08.914 [main] DEBUG nextflow.util.ThreadPoolManager - Thread pool 'TaskFinalizer' shutdown completed (hard=false)
Apr-25 08:48:08.914 [main] DEBUG nextflow.util.ThreadPoolManager - Thread pool 'PublishDir' shutdown completed (hard=false)
Apr-25 08:48:08.920 [main] DEBUG n.trace.WorkflowStatsObserver - Workflow completed > WorkflowStats[succeededCount=2; failedCount=0; ignoredCount=0; cachedCount=0; pendingCount=0; submittedCount=0; runningCount=0; retriesCount=0; abortedCount=0; succeedDuration=30.7s; failedDuration=0ms; cachedDuration=0ms;loadCpus=0; loadMemory=0; peakRunning=1; peakCpus=1; peakMemory=0; ]
Apr-25 08:48:09.102 [main] DEBUG nextflow.cache.CacheDB - Closing CacheDB done
Apr-25 08:48:09.109 [main] DEBUG nextflow.util.ThreadPoolManager - Thread pool 'FileTransfer' shutdown completed (hard=false)
Apr-25 08:48:09.110 [main] DEBUG nextflow.script.ScriptRunner - > Execution complete -- Goodbye
